{
  "RSpec": {
    "coverage": {
      "/Users/student/Documents/projects/GildedRose-Refactoring-Kata/ruby/spec/gilded_rose_spec.rb": [
        null,
        null,
        1,
        null,
        1,
        1,
        1,
        1,
        4,
        4,
        4,
        null,
        1,
        1,
        1,
        null,
        1,
        1,
        1,
        null,
        1,
        1,
        1,
        null,
        1,
        1,
        1,
        null,
        null,
        null,
        1,
        1,
        3,
        3,
        null,
        1,
        1,
        0,
        null,
        1,
        1,
        0,
        null,
        1,
        1,
        0,
        null,
        null,
        null,
        1,
        1,
        2,
        null,
        1,
        1,
        1,
        null,
        1,
        1,
        1,
        null,
        null,
        null,
        1,
        1,
        5,
        5,
        5,
        5,
        5,
        5,
        null,
        1,
        1,
        0,
        null,
        1,
        1,
        0,
        null,
        1,
        1,
        0,
        0,
        0,
        null,
        1,
        1,
        0,
        0,
        0,
        null,
        1,
        1,
        0,
        null,
        null,
        null,
        1,
        1,
        4,
        4,
        4,
        null,
        1,
        1,
        0,
        null,
        1,
        1,
        0,
        null,
        1,
        1,
        0,
        null,
        1,
        1,
        0,
        null,
        null,
        null,
        null
      ],
      "/Users/student/Documents/projects/GildedRose-Refactoring-Kata/ruby/lib/gilded_rose.rb": [
        null,
        null,
        null,
        1,
        1,
        null,
        1,
        18,
        null,
        null,
        1,
        18,
        18,
        null,
        16,
        4,
        null,
        null,
        null,
        1,
        null,
        1,
        null,
        null,
        null,
        1,
        0,
        null,
        0,
        null,
        0,
        null,
        0,
        null,
        null,
        null,
        0,
        null,
        null,
        1,
        0,
        0,
        0,
        null,
        0,
        null,
        0,
        0,
        0,
        null,
        null,
        null,
        1,
        0,
        0,
        null,
        null,
        null,
        null,
        1,
        1,
        0,
        null,
        null,
        null,
        null,
        1,
        1,
        null,
        1,
        62,
        62,
        62,
        null,
        null,
        1,
        0,
        null,
        null,
        null,
        1,
        1,
        4,
        null,
        null,
        1,
        4,
        null,
        null
      ]
    },
    "timestamp": 1567289282
  }
}
